2016-02-03 02:29:11 Notice: Strict (2048): Declaration of App\Controller\AdminController::beforeFilter() should be compatible with Cake\Controller\Controller::beforeFilter(Cake\Event\Event $event) in [/Applications/MAMP/htdocs/cs499/CS499/Code/src/Controller/HomeController.php, line 7]
Trace:
Cake\Error\BaseErrorHandler::handleError() - CORE/src/Error/BaseErrorHandler.php, line 137
include - APP/Controller/HomeController.php, line 7
Composer\Autoload\includeFile - ROOT/vendor/composer/ClassLoader.php, line 391
Composer\Autoload\ClassLoader::loadClass() - ROOT/vendor/composer/ClassLoader.php, line 283
spl_autoload_call - [internal], line ??
class_exists - [internal], line ??
Cake\Core\App::_classExistsInBase() - CORE/src/Core/App.php, line 84
Cake\Core\App::className() - CORE/src/Core/App.php, line 62
Cake\Routing\Filter\ControllerFactoryFilter::_getController() - CORE/src/Routing/Filter/ControllerFactoryFilter.php, line 79
Cake\Routing\Filter\ControllerFactoryFilter::beforeDispatch() - CORE/src/Routing/Filter/ControllerFactoryFilter.php, line 48
Cake\Routing\DispatcherFilter::handle() - CORE/src/Routing/DispatcherFilter.php, line 141
Cake\Event\EventManager::_callListener() - CORE/src/Event/EventManager.php, line 378
Cake\Event\EventManager::dispatch() - CORE/src/Event/EventManager.php, line 345
Cake\Routing\Dispatcher::dispatchEvent() - CORE/src/Event/EventDispatcherTrait.php, line 75
Cake\Routing\Dispatcher::dispatch() - CORE/src/Routing/Dispatcher.php, line 60
[main] - ROOT/webroot/index.php, line 37



2016-02-03 02:29:33 Notice: Strict (2048): Declaration of App\Controller\AdminController::beforeFilter() should be compatible with Cake\Controller\Controller::beforeFilter(Cake\Event\Event $event) in [/Applications/MAMP/htdocs/cs499/CS499/Code/src/Controller/HomeController.php, line 7]
Trace:
Cake\Error\BaseErrorHandler::handleError() - CORE/src/Error/BaseErrorHandler.php, line 137
include - APP/Controller/HomeController.php, line 7
Composer\Autoload\includeFile - ROOT/vendor/composer/ClassLoader.php, line 391
Composer\Autoload\ClassLoader::loadClass() - ROOT/vendor/composer/ClassLoader.php, line 283
spl_autoload_call - [internal], line ??
class_exists - [internal], line ??
Cake\Core\App::_classExistsInBase() - CORE/src/Core/App.php, line 84
Cake\Core\App::className() - CORE/src/Core/App.php, line 62
Cake\Routing\Filter\ControllerFactoryFilter::_getController() - CORE/src/Routing/Filter/ControllerFactoryFilter.php, line 79
Cake\Routing\Filter\ControllerFactoryFilter::beforeDispatch() - CORE/src/Routing/Filter/ControllerFactoryFilter.php, line 48
Cake\Routing\DispatcherFilter::handle() - CORE/src/Routing/DispatcherFilter.php, line 141
Cake\Event\EventManager::_callListener() - CORE/src/Event/EventManager.php, line 378
Cake\Event\EventManager::dispatch() - CORE/src/Event/EventManager.php, line 345
Cake\Routing\Dispatcher::dispatchEvent() - CORE/src/Event/EventDispatcherTrait.php, line 75
Cake\Routing\Dispatcher::dispatch() - CORE/src/Routing/Dispatcher.php, line 60
[main] - ROOT/webroot/index.php, line 37



2016-02-03 02:30:09 Notice: Strict (2048): Declaration of App\Controller\AdminController::beforeFilter() should be compatible with Cake\Controller\Controller::beforeFilter(Cake\Event\Event $event) in [/Applications/MAMP/htdocs/cs499/CS499/Code/src/Controller/HomeController.php, line 8]
Trace:
Cake\Error\BaseErrorHandler::handleError() - CORE/src/Error/BaseErrorHandler.php, line 137
include - APP/Controller/HomeController.php, line 8
Composer\Autoload\includeFile - ROOT/vendor/composer/ClassLoader.php, line 391
Composer\Autoload\ClassLoader::loadClass() - ROOT/vendor/composer/ClassLoader.php, line 283
spl_autoload_call - [internal], line ??
class_exists - [internal], line ??
Cake\Core\App::_classExistsInBase() - CORE/src/Core/App.php, line 84
Cake\Core\App::className() - CORE/src/Core/App.php, line 62
Cake\Routing\Filter\ControllerFactoryFilter::_getController() - CORE/src/Routing/Filter/ControllerFactoryFilter.php, line 79
Cake\Routing\Filter\ControllerFactoryFilter::beforeDispatch() - CORE/src/Routing/Filter/ControllerFactoryFilter.php, line 48
Cake\Routing\DispatcherFilter::handle() - CORE/src/Routing/DispatcherFilter.php, line 141
Cake\Event\EventManager::_callListener() - CORE/src/Event/EventManager.php, line 378
Cake\Event\EventManager::dispatch() - CORE/src/Event/EventManager.php, line 345
Cake\Routing\Dispatcher::dispatchEvent() - CORE/src/Event/EventDispatcherTrait.php, line 75
Cake\Routing\Dispatcher::dispatch() - CORE/src/Routing/Dispatcher.php, line 60
[main] - ROOT/webroot/index.php, line 37



2016-02-03 02:30:53 Notice: Strict (2048): Declaration of App\Controller\AdminController::beforeFilter() should be compatible with Cake\Controller\Controller::beforeFilter(Cake\Event\Event $event) in [/Applications/MAMP/htdocs/cs499/CS499/Code/src/Controller/HomeController.php, line 8]
Trace:
Cake\Error\BaseErrorHandler::handleError() - CORE/src/Error/BaseErrorHandler.php, line 137
include - APP/Controller/HomeController.php, line 8
Composer\Autoload\includeFile - ROOT/vendor/composer/ClassLoader.php, line 391
Composer\Autoload\ClassLoader::loadClass() - ROOT/vendor/composer/ClassLoader.php, line 283
spl_autoload_call - [internal], line ??
class_exists - [internal], line ??
Cake\Core\App::_classExistsInBase() - CORE/src/Core/App.php, line 84
Cake\Core\App::className() - CORE/src/Core/App.php, line 62
Cake\Routing\Filter\ControllerFactoryFilter::_getController() - CORE/src/Routing/Filter/ControllerFactoryFilter.php, line 79
Cake\Routing\Filter\ControllerFactoryFilter::beforeDispatch() - CORE/src/Routing/Filter/ControllerFactoryFilter.php, line 48
Cake\Routing\DispatcherFilter::handle() - CORE/src/Routing/DispatcherFilter.php, line 141
Cake\Event\EventManager::_callListener() - CORE/src/Event/EventManager.php, line 378
Cake\Event\EventManager::dispatch() - CORE/src/Event/EventManager.php, line 345
Cake\Routing\Dispatcher::dispatchEvent() - CORE/src/Event/EventDispatcherTrait.php, line 75
Cake\Routing\Dispatcher::dispatch() - CORE/src/Routing/Dispatcher.php, line 60
[main] - ROOT/webroot/index.php, line 37



2016-02-03 02:43:55 Notice: Strict (2048): Declaration of App\Controller\AdminController::beforeFilter() should be compatible with Cake\Controller\Controller::beforeFilter(Cake\Event\Event $event) in [/Applications/MAMP/htdocs/cs499/CS499/Code/src/Controller/AdminController.php, line 9]
Trace:
Cake\Error\BaseErrorHandler::handleError() - CORE/src/Error/BaseErrorHandler.php, line 137
include - APP/Controller/AdminController.php, line 9
Composer\Autoload\includeFile - ROOT/vendor/composer/ClassLoader.php, line 391
Composer\Autoload\ClassLoader::loadClass() - ROOT/vendor/composer/ClassLoader.php, line 283
spl_autoload_call - [internal], line ??
include - APP/Controller/TicketAdminController.php, line 7
Composer\Autoload\includeFile - ROOT/vendor/composer/ClassLoader.php, line 391
Composer\Autoload\ClassLoader::loadClass() - ROOT/vendor/composer/ClassLoader.php, line 283
spl_autoload_call - [internal], line ??
class_exists - [internal], line ??
Cake\Core\App::_classExistsInBase() - CORE/src/Core/App.php, line 84
Cake\Core\App::className() - CORE/src/Core/App.php, line 62
Cake\Routing\Filter\ControllerFactoryFilter::_getController() - CORE/src/Routing/Filter/ControllerFactoryFilter.php, line 79
Cake\Routing\Filter\ControllerFactoryFilter::beforeDispatch() - CORE/src/Routing/Filter/ControllerFactoryFilter.php, line 48
Cake\Routing\DispatcherFilter::handle() - CORE/src/Routing/DispatcherFilter.php, line 141
Cake\Event\EventManager::_callListener() - CORE/src/Event/EventManager.php, line 378
Cake\Event\EventManager::dispatch() - CORE/src/Event/EventManager.php, line 345
Cake\Routing\Dispatcher::dispatchEvent() - CORE/src/Event/EventDispatcherTrait.php, line 75
Cake\Routing\Dispatcher::dispatch() - CORE/src/Routing/Dispatcher.php, line 60
[main] - ROOT/webroot/index.php, line 37



2016-02-03 02:43:55 Notice: Deprecated (16384): Controller::$layout is deprecated. Use $this->viewBuilder()->layout() instead. in [/Applications/MAMP/htdocs/cs499/CS499/Code/vendor/cakephp/cakephp/src/Controller/Controller.php, line 368]
Trace:
Cake\Error\BaseErrorHandler::handleError() - CORE/src/Error/BaseErrorHandler.php, line 137
Cake\Controller\Controller::__set() - CORE/src/Controller/Controller.php, line 368
App\Controller\AdminController::beforeFilter() - APP/Controller/AdminController.php, line 12
Cake\Event\EventManager::_callListener() - CORE/src/Event/EventManager.php, line 374
Cake\Event\EventManager::dispatch() - CORE/src/Event/EventManager.php, line 345
Cake\Controller\Controller::dispatchEvent() - CORE/src/Event/EventDispatcherTrait.php, line 75
Cake\Controller\Controller::startupProcess() - CORE/src/Controller/Controller.php, line 478
Cake\Routing\Dispatcher::_invoke() - CORE/src/Routing/Dispatcher.php, line 106
Cake\Routing\Dispatcher::dispatch() - CORE/src/Routing/Dispatcher.php, line 85
[main] - ROOT/webroot/index.php, line 37



2016-02-03 02:45:18 Notice: Deprecated (16384): Controller::$layout is deprecated. Use $this->viewBuilder()->layout() instead. in [/Applications/MAMP/htdocs/cs499/CS499/Code/vendor/cakephp/cakephp/src/Controller/Controller.php, line 368]
Trace:
Cake\Error\BaseErrorHandler::handleError() - CORE/src/Error/BaseErrorHandler.php, line 137
Cake\Controller\Controller::__set() - CORE/src/Controller/Controller.php, line 368
App\Controller\AdminController::beforeFilter() - APP/Controller/AdminController.php, line 10
Cake\Event\EventManager::_callListener() - CORE/src/Event/EventManager.php, line 374
Cake\Event\EventManager::dispatch() - CORE/src/Event/EventManager.php, line 345
Cake\Controller\Controller::dispatchEvent() - CORE/src/Event/EventDispatcherTrait.php, line 75
Cake\Controller\Controller::startupProcess() - CORE/src/Controller/Controller.php, line 478
Cake\Routing\Dispatcher::_invoke() - CORE/src/Routing/Dispatcher.php, line 106
Cake\Routing\Dispatcher::dispatch() - CORE/src/Routing/Dispatcher.php, line 85
[main] - ROOT/webroot/index.php, line 37



2016-03-16 22:31:39 Notice: Notice (8): Undefined variable: tickets in [/Applications/MAMP/htdocs/cs499/CS499/Code/src/Template/Tickets/index.ctp, line 23]
Trace:
Cake\Error\BaseErrorHandler::handleError() - CORE/src/Error/BaseErrorHandler.php, line 137
include - APP/Template/Tickets/index.ctp, line 23
Cake\View\View::_evaluate() - CORE/src/View/View.php, line 960
Cake\View\View::_render() - CORE/src/View/View.php, line 921
Cake\View\View::render() - CORE/src/View/View.php, line 575
Cake\Controller\Controller::render() - CORE/src/Controller/Controller.php, line 594
Cake\Routing\Dispatcher::_invoke() - CORE/src/Routing/Dispatcher.php, line 117
Cake\Routing\Dispatcher::dispatch() - CORE/src/Routing/Dispatcher.php, line 85
[main] - ROOT/webroot/index.php, line 37



2016-03-16 22:31:39 Notice: Notice (8): Undefined index: pageCount in [/Applications/MAMP/htdocs/cs499/CS499/Code/vendor/cakephp/cakephp/src/View/Helper/PaginatorHelper.php, line 650]
Trace:
Cake\Error\BaseErrorHandler::handleError() - CORE/src/Error/BaseErrorHandler.php, line 137
Cake\View\Helper\PaginatorHelper::numbers() - CORE/src/View/Helper/PaginatorHelper.php, line 650
include - APP/Template/Tickets/index.ctp, line 44
Cake\View\View::_evaluate() - CORE/src/View/View.php, line 960
Cake\View\View::_render() - CORE/src/View/View.php, line 921
Cake\View\View::render() - CORE/src/View/View.php, line 575
Cake\Controller\Controller::render() - CORE/src/Controller/Controller.php, line 594
Cake\Routing\Dispatcher::_invoke() - CORE/src/Routing/Dispatcher.php, line 117
Cake\Routing\Dispatcher::dispatch() - CORE/src/Routing/Dispatcher.php, line 85
[main] - ROOT/webroot/index.php, line 37



2016-03-16 22:31:39 Notice: Notice (8): Undefined index: pageCount in [/Applications/MAMP/htdocs/cs499/CS499/Code/vendor/cakephp/cakephp/src/View/Helper/PaginatorHelper.php, line 570]
Trace:
Cake\Error\BaseErrorHandler::handleError() - CORE/src/Error/BaseErrorHandler.php, line 137
Cake\View\Helper\PaginatorHelper::counter() - CORE/src/View/Helper/PaginatorHelper.php, line 570
include - APP/Template/Tickets/index.ctp, line 47
Cake\View\View::_evaluate() - CORE/src/View/View.php, line 960
Cake\View\View::_render() - CORE/src/View/View.php, line 921
Cake\View\View::render() - CORE/src/View/View.php, line 575
Cake\Controller\Controller::render() - CORE/src/Controller/Controller.php, line 594
Cake\Routing\Dispatcher::_invoke() - CORE/src/Routing/Dispatcher.php, line 117
Cake\Routing\Dispatcher::dispatch() - CORE/src/Routing/Dispatcher.php, line 85
[main] - ROOT/webroot/index.php, line 37



2016-03-16 22:31:39 Notice: Notice (8): Undefined index: count in [/Applications/MAMP/htdocs/cs499/CS499/Code/vendor/cakephp/cakephp/src/View/Helper/PaginatorHelper.php, line 574]
Trace:
Cake\Error\BaseErrorHandler::handleError() - CORE/src/Error/BaseErrorHandler.php, line 137
Cake\View\Helper\PaginatorHelper::counter() - CORE/src/View/Helper/PaginatorHelper.php, line 574
include - APP/Template/Tickets/index.ctp, line 47
Cake\View\View::_evaluate() - CORE/src/View/View.php, line 960
Cake\View\View::_render() - CORE/src/View/View.php, line 921
Cake\View\View::render() - CORE/src/View/View.php, line 575
Cake\Controller\Controller::render() - CORE/src/Controller/Controller.php, line 594
Cake\Routing\Dispatcher::_invoke() - CORE/src/Routing/Dispatcher.php, line 117
Cake\Routing\Dispatcher::dispatch() - CORE/src/Routing/Dispatcher.php, line 85
[main] - ROOT/webroot/index.php, line 37



2016-03-16 22:31:39 Notice: Notice (8): Undefined index: perPage in [/Applications/MAMP/htdocs/cs499/CS499/Code/vendor/cakephp/cakephp/src/View/Helper/PaginatorHelper.php, line 577]
Trace:
Cake\Error\BaseErrorHandler::handleError() - CORE/src/Error/BaseErrorHandler.php, line 137
Cake\View\Helper\PaginatorHelper::counter() - CORE/src/View/Helper/PaginatorHelper.php, line 577
include - APP/Template/Tickets/index.ctp, line 47
Cake\View\View::_evaluate() - CORE/src/View/View.php, line 960
Cake\View\View::_render() - CORE/src/View/View.php, line 921
Cake\View\View::render() - CORE/src/View/View.php, line 575
Cake\Controller\Controller::render() - CORE/src/Controller/Controller.php, line 594
Cake\Routing\Dispatcher::_invoke() - CORE/src/Routing/Dispatcher.php, line 117
Cake\Routing\Dispatcher::dispatch() - CORE/src/Routing/Dispatcher.php, line 85
[main] - ROOT/webroot/index.php, line 37



2016-03-16 22:31:39 Notice: Notice (8): Undefined index: count in [/Applications/MAMP/htdocs/cs499/CS499/Code/vendor/cakephp/cakephp/src/View/Helper/PaginatorHelper.php, line 578]
Trace:
Cake\Error\BaseErrorHandler::handleError() - CORE/src/Error/BaseErrorHandler.php, line 137
Cake\View\Helper\PaginatorHelper::counter() - CORE/src/View/Helper/PaginatorHelper.php, line 578
include - APP/Template/Tickets/index.ctp, line 47
Cake\View\View::_evaluate() - CORE/src/View/View.php, line 960
Cake\View\View::_render() - CORE/src/View/View.php, line 921
Cake\View\View::render() - CORE/src/View/View.php, line 575
Cake\Controller\Controller::render() - CORE/src/Controller/Controller.php, line 594
Cake\Routing\Dispatcher::_invoke() - CORE/src/Routing/Dispatcher.php, line 117
Cake\Routing\Dispatcher::dispatch() - CORE/src/Routing/Dispatcher.php, line 85
[main] - ROOT/webroot/index.php, line 37



2016-03-16 22:31:39 Notice: Notice (8): Undefined index: count in [/Applications/MAMP/htdocs/cs499/CS499/Code/vendor/cakephp/cakephp/src/View/Helper/PaginatorHelper.php, line 579]
Trace:
Cake\Error\BaseErrorHandler::handleError() - CORE/src/Error/BaseErrorHandler.php, line 137
Cake\View\Helper\PaginatorHelper::counter() - CORE/src/View/Helper/PaginatorHelper.php, line 579
include - APP/Template/Tickets/index.ctp, line 47
Cake\View\View::_evaluate() - CORE/src/View/View.php, line 960
Cake\View\View::_render() - CORE/src/View/View.php, line 921
Cake\View\View::render() - CORE/src/View/View.php, line 575
Cake\Controller\Controller::render() - CORE/src/Controller/Controller.php, line 594
Cake\Routing\Dispatcher::_invoke() - CORE/src/Routing/Dispatcher.php, line 117
Cake\Routing\Dispatcher::dispatch() - CORE/src/Routing/Dispatcher.php, line 85
[main] - ROOT/webroot/index.php, line 37



2016-03-16 22:31:39 Notice: Notice (8): Undefined index: page in [/Applications/MAMP/htdocs/cs499/CS499/Code/vendor/cakephp/cakephp/src/View/Helper/PaginatorHelper.php, line 592]
Trace:
Cake\Error\BaseErrorHandler::handleError() - CORE/src/Error/BaseErrorHandler.php, line 137
Cake\View\Helper\PaginatorHelper::counter() - CORE/src/View/Helper/PaginatorHelper.php, line 592
include - APP/Template/Tickets/index.ctp, line 47
Cake\View\View::_evaluate() - CORE/src/View/View.php, line 960
Cake\View\View::_render() - CORE/src/View/View.php, line 921
Cake\View\View::render() - CORE/src/View/View.php, line 575
Cake\Controller\Controller::render() - CORE/src/Controller/Controller.php, line 594
Cake\Routing\Dispatcher::_invoke() - CORE/src/Routing/Dispatcher.php, line 117
Cake\Routing\Dispatcher::dispatch() - CORE/src/Routing/Dispatcher.php, line 85
[main] - ROOT/webroot/index.php, line 37



2016-03-16 22:31:39 Notice: Notice (8): Undefined index: current in [/Applications/MAMP/htdocs/cs499/CS499/Code/vendor/cakephp/cakephp/src/View/Helper/PaginatorHelper.php, line 594]
Trace:
Cake\Error\BaseErrorHandler::handleError() - CORE/src/Error/BaseErrorHandler.php, line 137
Cake\View\Helper\PaginatorHelper::counter() - CORE/src/View/Helper/PaginatorHelper.php, line 594
include - APP/Template/Tickets/index.ctp, line 47
Cake\View\View::_evaluate() - CORE/src/View/View.php, line 960
Cake\View\View::_render() - CORE/src/View/View.php, line 921
Cake\View\View::render() - CORE/src/View/View.php, line 575
Cake\Controller\Controller::render() - CORE/src/Controller/Controller.php, line 594
Cake\Routing\Dispatcher::_invoke() - CORE/src/Routing/Dispatcher.php, line 117
Cake\Routing\Dispatcher::dispatch() - CORE/src/Routing/Dispatcher.php, line 85
[main] - ROOT/webroot/index.php, line 37



2016-03-16 22:31:39 Notice: Notice (8): Undefined index: count in [/Applications/MAMP/htdocs/cs499/CS499/Code/vendor/cakephp/cakephp/src/View/Helper/PaginatorHelper.php, line 595]
Trace:
Cake\Error\BaseErrorHandler::handleError() - CORE/src/Error/BaseErrorHandler.php, line 137
Cake\View\Helper\PaginatorHelper::counter() - CORE/src/View/Helper/PaginatorHelper.php, line 595
include - APP/Template/Tickets/index.ctp, line 47
Cake\View\View::_evaluate() - CORE/src/View/View.php, line 960
Cake\View\View::_render() - CORE/src/View/View.php, line 921
Cake\View\View::render() - CORE/src/View/View.php, line 575
Cake\Controller\Controller::render() - CORE/src/Controller/Controller.php, line 594
Cake\Routing\Dispatcher::_invoke() - CORE/src/Routing/Dispatcher.php, line 117
Cake\Routing\Dispatcher::dispatch() - CORE/src/Routing/Dispatcher.php, line 85
[main] - ROOT/webroot/index.php, line 37



2016-03-16 22:31:46 Notice: Notice (8): Undefined variable: tickets in [/Applications/MAMP/htdocs/cs499/CS499/Code/src/Template/Tickets/index.ctp, line 23]
Trace:
Cake\Error\BaseErrorHandler::handleError() - CORE/src/Error/BaseErrorHandler.php, line 137
include - APP/Template/Tickets/index.ctp, line 23
Cake\View\View::_evaluate() - CORE/src/View/View.php, line 960
Cake\View\View::_render() - CORE/src/View/View.php, line 921
Cake\View\View::render() - CORE/src/View/View.php, line 575
Cake\Controller\Controller::render() - CORE/src/Controller/Controller.php, line 594
Cake\Routing\Dispatcher::_invoke() - CORE/src/Routing/Dispatcher.php, line 117
Cake\Routing\Dispatcher::dispatch() - CORE/src/Routing/Dispatcher.php, line 85
[main] - ROOT/webroot/index.php, line 37



2016-03-16 22:31:46 Notice: Notice (8): Undefined index: pageCount in [/Applications/MAMP/htdocs/cs499/CS499/Code/vendor/cakephp/cakephp/src/View/Helper/PaginatorHelper.php, line 650]
Trace:
Cake\Error\BaseErrorHandler::handleError() - CORE/src/Error/BaseErrorHandler.php, line 137
Cake\View\Helper\PaginatorHelper::numbers() - CORE/src/View/Helper/PaginatorHelper.php, line 650
include - APP/Template/Tickets/index.ctp, line 44
Cake\View\View::_evaluate() - CORE/src/View/View.php, line 960
Cake\View\View::_render() - CORE/src/View/View.php, line 921
Cake\View\View::render() - CORE/src/View/View.php, line 575
Cake\Controller\Controller::render() - CORE/src/Controller/Controller.php, line 594
Cake\Routing\Dispatcher::_invoke() - CORE/src/Routing/Dispatcher.php, line 117
Cake\Routing\Dispatcher::dispatch() - CORE/src/Routing/Dispatcher.php, line 85
[main] - ROOT/webroot/index.php, line 37



2016-03-16 22:31:46 Notice: Notice (8): Undefined index: pageCount in [/Applications/MAMP/htdocs/cs499/CS499/Code/vendor/cakephp/cakephp/src/View/Helper/PaginatorHelper.php, line 570]
Trace:
Cake\Error\BaseErrorHandler::handleError() - CORE/src/Error/BaseErrorHandler.php, line 137
Cake\View\Helper\PaginatorHelper::counter() - CORE/src/View/Helper/PaginatorHelper.php, line 570
include - APP/Template/Tickets/index.ctp, line 47
Cake\View\View::_evaluate() - CORE/src/View/View.php, line 960
Cake\View\View::_render() - CORE/src/View/View.php, line 921
Cake\View\View::render() - CORE/src/View/View.php, line 575
Cake\Controller\Controller::render() - CORE/src/Controller/Controller.php, line 594
Cake\Routing\Dispatcher::_invoke() - CORE/src/Routing/Dispatcher.php, line 117
Cake\Routing\Dispatcher::dispatch() - CORE/src/Routing/Dispatcher.php, line 85
[main] - ROOT/webroot/index.php, line 37



2016-03-16 22:31:46 Notice: Notice (8): Undefined index: count in [/Applications/MAMP/htdocs/cs499/CS499/Code/vendor/cakephp/cakephp/src/View/Helper/PaginatorHelper.php, line 574]
Trace:
Cake\Error\BaseErrorHandler::handleError() - CORE/src/Error/BaseErrorHandler.php, line 137
Cake\View\Helper\PaginatorHelper::counter() - CORE/src/View/Helper/PaginatorHelper.php, line 574
include - APP/Template/Tickets/index.ctp, line 47
Cake\View\View::_evaluate() - CORE/src/View/View.php, line 960
Cake\View\View::_render() - CORE/src/View/View.php, line 921
Cake\View\View::render() - CORE/src/View/View.php, line 575
Cake\Controller\Controller::render() - CORE/src/Controller/Controller.php, line 594
Cake\Routing\Dispatcher::_invoke() - CORE/src/Routing/Dispatcher.php, line 117
Cake\Routing\Dispatcher::dispatch() - CORE/src/Routing/Dispatcher.php, line 85
[main] - ROOT/webroot/index.php, line 37



2016-03-16 22:31:46 Notice: Notice (8): Undefined index: perPage in [/Applications/MAMP/htdocs/cs499/CS499/Code/vendor/cakephp/cakephp/src/View/Helper/PaginatorHelper.php, line 577]
Trace:
Cake\Error\BaseErrorHandler::handleError() - CORE/src/Error/BaseErrorHandler.php, line 137
Cake\View\Helper\PaginatorHelper::counter() - CORE/src/View/Helper/PaginatorHelper.php, line 577
include - APP/Template/Tickets/index.ctp, line 47
Cake\View\View::_evaluate() - CORE/src/View/View.php, line 960
Cake\View\View::_render() - CORE/src/View/View.php, line 921
Cake\View\View::render() - CORE/src/View/View.php, line 575
Cake\Controller\Controller::render() - CORE/src/Controller/Controller.php, line 594
Cake\Routing\Dispatcher::_invoke() - CORE/src/Routing/Dispatcher.php, line 117
Cake\Routing\Dispatcher::dispatch() - CORE/src/Routing/Dispatcher.php, line 85
[main] - ROOT/webroot/index.php, line 37



2016-03-16 22:31:46 Notice: Notice (8): Undefined index: count in [/Applications/MAMP/htdocs/cs499/CS499/Code/vendor/cakephp/cakephp/src/View/Helper/PaginatorHelper.php, line 578]
Trace:
Cake\Error\BaseErrorHandler::handleError() - CORE/src/Error/BaseErrorHandler.php, line 137
Cake\View\Helper\PaginatorHelper::counter() - CORE/src/View/Helper/PaginatorHelper.php, line 578
include - APP/Template/Tickets/index.ctp, line 47
Cake\View\View::_evaluate() - CORE/src/View/View.php, line 960
Cake\View\View::_render() - CORE/src/View/View.php, line 921
Cake\View\View::render() - CORE/src/View/View.php, line 575
Cake\Controller\Controller::render() - CORE/src/Controller/Controller.php, line 594
Cake\Routing\Dispatcher::_invoke() - CORE/src/Routing/Dispatcher.php, line 117
Cake\Routing\Dispatcher::dispatch() - CORE/src/Routing/Dispatcher.php, line 85
[main] - ROOT/webroot/index.php, line 37



2016-03-16 22:31:46 Notice: Notice (8): Undefined index: count in [/Applications/MAMP/htdocs/cs499/CS499/Code/vendor/cakephp/cakephp/src/View/Helper/PaginatorHelper.php, line 579]
Trace:
Cake\Error\BaseErrorHandler::handleError() - CORE/src/Error/BaseErrorHandler.php, line 137
Cake\View\Helper\PaginatorHelper::counter() - CORE/src/View/Helper/PaginatorHelper.php, line 579
include - APP/Template/Tickets/index.ctp, line 47
Cake\View\View::_evaluate() - CORE/src/View/View.php, line 960
Cake\View\View::_render() - CORE/src/View/View.php, line 921
Cake\View\View::render() - CORE/src/View/View.php, line 575
Cake\Controller\Controller::render() - CORE/src/Controller/Controller.php, line 594
Cake\Routing\Dispatcher::_invoke() - CORE/src/Routing/Dispatcher.php, line 117
Cake\Routing\Dispatcher::dispatch() - CORE/src/Routing/Dispatcher.php, line 85
[main] - ROOT/webroot/index.php, line 37



2016-03-16 22:31:46 Notice: Notice (8): Undefined index: page in [/Applications/MAMP/htdocs/cs499/CS499/Code/vendor/cakephp/cakephp/src/View/Helper/PaginatorHelper.php, line 592]
Trace:
Cake\Error\BaseErrorHandler::handleError() - CORE/src/Error/BaseErrorHandler.php, line 137
Cake\View\Helper\PaginatorHelper::counter() - CORE/src/View/Helper/PaginatorHelper.php, line 592
include - APP/Template/Tickets/index.ctp, line 47
Cake\View\View::_evaluate() - CORE/src/View/View.php, line 960
Cake\View\View::_render() - CORE/src/View/View.php, line 921
Cake\View\View::render() - CORE/src/View/View.php, line 575
Cake\Controller\Controller::render() - CORE/src/Controller/Controller.php, line 594
Cake\Routing\Dispatcher::_invoke() - CORE/src/Routing/Dispatcher.php, line 117
Cake\Routing\Dispatcher::dispatch() - CORE/src/Routing/Dispatcher.php, line 85
[main] - ROOT/webroot/index.php, line 37



2016-03-16 22:31:46 Notice: Notice (8): Undefined index: current in [/Applications/MAMP/htdocs/cs499/CS499/Code/vendor/cakephp/cakephp/src/View/Helper/PaginatorHelper.php, line 594]
Trace:
Cake\Error\BaseErrorHandler::handleError() - CORE/src/Error/BaseErrorHandler.php, line 137
Cake\View\Helper\PaginatorHelper::counter() - CORE/src/View/Helper/PaginatorHelper.php, line 594
include - APP/Template/Tickets/index.ctp, line 47
Cake\View\View::_evaluate() - CORE/src/View/View.php, line 960
Cake\View\View::_render() - CORE/src/View/View.php, line 921
Cake\View\View::render() - CORE/src/View/View.php, line 575
Cake\Controller\Controller::render() - CORE/src/Controller/Controller.php, line 594
Cake\Routing\Dispatcher::_invoke() - CORE/src/Routing/Dispatcher.php, line 117
Cake\Routing\Dispatcher::dispatch() - CORE/src/Routing/Dispatcher.php, line 85
[main] - ROOT/webroot/index.php, line 37



2016-03-16 22:31:46 Notice: Notice (8): Undefined index: count in [/Applications/MAMP/htdocs/cs499/CS499/Code/vendor/cakephp/cakephp/src/View/Helper/PaginatorHelper.php, line 595]
Trace:
Cake\Error\BaseErrorHandler::handleError() - CORE/src/Error/BaseErrorHandler.php, line 137
Cake\View\Helper\PaginatorHelper::counter() - CORE/src/View/Helper/PaginatorHelper.php, line 595
include - APP/Template/Tickets/index.ctp, line 47
Cake\View\View::_evaluate() - CORE/src/View/View.php, line 960
Cake\View\View::_render() - CORE/src/View/View.php, line 921
Cake\View\View::render() - CORE/src/View/View.php, line 575
Cake\Controller\Controller::render() - CORE/src/Controller/Controller.php, line 594
Cake\Routing\Dispatcher::_invoke() - CORE/src/Routing/Dispatcher.php, line 117
Cake\Routing\Dispatcher::dispatch() - CORE/src/Routing/Dispatcher.php, line 85
[main] - ROOT/webroot/index.php, line 37



2016-03-16 22:32:03 Notice: Notice (8): Undefined variable: tickets in [/Applications/MAMP/htdocs/cs499/CS499/Code/src/Template/Tickets/index.ctp, line 23]
Trace:
Cake\Error\BaseErrorHandler::handleError() - CORE/src/Error/BaseErrorHandler.php, line 137
include - APP/Template/Tickets/index.ctp, line 23
Cake\View\View::_evaluate() - CORE/src/View/View.php, line 960
Cake\View\View::_render() - CORE/src/View/View.php, line 921
Cake\View\View::render() - CORE/src/View/View.php, line 575
Cake\Controller\Controller::render() - CORE/src/Controller/Controller.php, line 594
Cake\Routing\Dispatcher::_invoke() - CORE/src/Routing/Dispatcher.php, line 117
Cake\Routing\Dispatcher::dispatch() - CORE/src/Routing/Dispatcher.php, line 85
[main] - ROOT/webroot/index.php, line 37



2016-03-16 22:32:03 Notice: Notice (8): Undefined index: pageCount in [/Applications/MAMP/htdocs/cs499/CS499/Code/vendor/cakephp/cakephp/src/View/Helper/PaginatorHelper.php, line 650]
Trace:
Cake\Error\BaseErrorHandler::handleError() - CORE/src/Error/BaseErrorHandler.php, line 137
Cake\View\Helper\PaginatorHelper::numbers() - CORE/src/View/Helper/PaginatorHelper.php, line 650
include - APP/Template/Tickets/index.ctp, line 44
Cake\View\View::_evaluate() - CORE/src/View/View.php, line 960
Cake\View\View::_render() - CORE/src/View/View.php, line 921
Cake\View\View::render() - CORE/src/View/View.php, line 575
Cake\Controller\Controller::render() - CORE/src/Controller/Controller.php, line 594
Cake\Routing\Dispatcher::_invoke() - CORE/src/Routing/Dispatcher.php, line 117
Cake\Routing\Dispatcher::dispatch() - CORE/src/Routing/Dispatcher.php, line 85
[main] - ROOT/webroot/index.php, line 37



2016-03-16 22:32:03 Notice: Notice (8): Undefined index: pageCount in [/Applications/MAMP/htdocs/cs499/CS499/Code/vendor/cakephp/cakephp/src/View/Helper/PaginatorHelper.php, line 570]
Trace:
Cake\Error\BaseErrorHandler::handleError() - CORE/src/Error/BaseErrorHandler.php, line 137
Cake\View\Helper\PaginatorHelper::counter() - CORE/src/View/Helper/PaginatorHelper.php, line 570
include - APP/Template/Tickets/index.ctp, line 47
Cake\View\View::_evaluate() - CORE/src/View/View.php, line 960
Cake\View\View::_render() - CORE/src/View/View.php, line 921
Cake\View\View::render() - CORE/src/View/View.php, line 575
Cake\Controller\Controller::render() - CORE/src/Controller/Controller.php, line 594
Cake\Routing\Dispatcher::_invoke() - CORE/src/Routing/Dispatcher.php, line 117
Cake\Routing\Dispatcher::dispatch() - CORE/src/Routing/Dispatcher.php, line 85
[main] - ROOT/webroot/index.php, line 37



2016-03-16 22:32:03 Notice: Notice (8): Undefined index: count in [/Applications/MAMP/htdocs/cs499/CS499/Code/vendor/cakephp/cakephp/src/View/Helper/PaginatorHelper.php, line 574]
Trace:
Cake\Error\BaseErrorHandler::handleError() - CORE/src/Error/BaseErrorHandler.php, line 137
Cake\View\Helper\PaginatorHelper::counter() - CORE/src/View/Helper/PaginatorHelper.php, line 574
include - APP/Template/Tickets/index.ctp, line 47
Cake\View\View::_evaluate() - CORE/src/View/View.php, line 960
Cake\View\View::_render() - CORE/src/View/View.php, line 921
Cake\View\View::render() - CORE/src/View/View.php, line 575
Cake\Controller\Controller::render() - CORE/src/Controller/Controller.php, line 594
Cake\Routing\Dispatcher::_invoke() - CORE/src/Routing/Dispatcher.php, line 117
Cake\Routing\Dispatcher::dispatch() - CORE/src/Routing/Dispatcher.php, line 85
[main] - ROOT/webroot/index.php, line 37



2016-03-16 22:32:03 Notice: Notice (8): Undefined index: perPage in [/Applications/MAMP/htdocs/cs499/CS499/Code/vendor/cakephp/cakephp/src/View/Helper/PaginatorHelper.php, line 577]
Trace:
Cake\Error\BaseErrorHandler::handleError() - CORE/src/Error/BaseErrorHandler.php, line 137
Cake\View\Helper\PaginatorHelper::counter() - CORE/src/View/Helper/PaginatorHelper.php, line 577
include - APP/Template/Tickets/index.ctp, line 47
Cake\View\View::_evaluate() - CORE/src/View/View.php, line 960
Cake\View\View::_render() - CORE/src/View/View.php, line 921
Cake\View\View::render() - CORE/src/View/View.php, line 575
Cake\Controller\Controller::render() - CORE/src/Controller/Controller.php, line 594
Cake\Routing\Dispatcher::_invoke() - CORE/src/Routing/Dispatcher.php, line 117
Cake\Routing\Dispatcher::dispatch() - CORE/src/Routing/Dispatcher.php, line 85
[main] - ROOT/webroot/index.php, line 37



2016-03-16 22:32:03 Notice: Notice (8): Undefined index: count in [/Applications/MAMP/htdocs/cs499/CS499/Code/vendor/cakephp/cakephp/src/View/Helper/PaginatorHelper.php, line 578]
Trace:
Cake\Error\BaseErrorHandler::handleError() - CORE/src/Error/BaseErrorHandler.php, line 137
Cake\View\Helper\PaginatorHelper::counter() - CORE/src/View/Helper/PaginatorHelper.php, line 578
include - APP/Template/Tickets/index.ctp, line 47
Cake\View\View::_evaluate() - CORE/src/View/View.php, line 960
Cake\View\View::_render() - CORE/src/View/View.php, line 921
Cake\View\View::render() - CORE/src/View/View.php, line 575
Cake\Controller\Controller::render() - CORE/src/Controller/Controller.php, line 594
Cake\Routing\Dispatcher::_invoke() - CORE/src/Routing/Dispatcher.php, line 117
Cake\Routing\Dispatcher::dispatch() - CORE/src/Routing/Dispatcher.php, line 85
[main] - ROOT/webroot/index.php, line 37



2016-03-16 22:32:03 Notice: Notice (8): Undefined index: count in [/Applications/MAMP/htdocs/cs499/CS499/Code/vendor/cakephp/cakephp/src/View/Helper/PaginatorHelper.php, line 579]
Trace:
Cake\Error\BaseErrorHandler::handleError() - CORE/src/Error/BaseErrorHandler.php, line 137
Cake\View\Helper\PaginatorHelper::counter() - CORE/src/View/Helper/PaginatorHelper.php, line 579
include - APP/Template/Tickets/index.ctp, line 47
Cake\View\View::_evaluate() - CORE/src/View/View.php, line 960
Cake\View\View::_render() - CORE/src/View/View.php, line 921
Cake\View\View::render() - CORE/src/View/View.php, line 575
Cake\Controller\Controller::render() - CORE/src/Controller/Controller.php, line 594
Cake\Routing\Dispatcher::_invoke() - CORE/src/Routing/Dispatcher.php, line 117
Cake\Routing\Dispatcher::dispatch() - CORE/src/Routing/Dispatcher.php, line 85
[main] - ROOT/webroot/index.php, line 37



2016-03-16 22:32:03 Notice: Notice (8): Undefined index: page in [/Applications/MAMP/htdocs/cs499/CS499/Code/vendor/cakephp/cakephp/src/View/Helper/PaginatorHelper.php, line 592]
Trace:
Cake\Error\BaseErrorHandler::handleError() - CORE/src/Error/BaseErrorHandler.php, line 137
Cake\View\Helper\PaginatorHelper::counter() - CORE/src/View/Helper/PaginatorHelper.php, line 592
include - APP/Template/Tickets/index.ctp, line 47
Cake\View\View::_evaluate() - CORE/src/View/View.php, line 960
Cake\View\View::_render() - CORE/src/View/View.php, line 921
Cake\View\View::render() - CORE/src/View/View.php, line 575
Cake\Controller\Controller::render() - CORE/src/Controller/Controller.php, line 594
Cake\Routing\Dispatcher::_invoke() - CORE/src/Routing/Dispatcher.php, line 117
Cake\Routing\Dispatcher::dispatch() - CORE/src/Routing/Dispatcher.php, line 85
[main] - ROOT/webroot/index.php, line 37



2016-03-16 22:32:03 Notice: Notice (8): Undefined index: current in [/Applications/MAMP/htdocs/cs499/CS499/Code/vendor/cakephp/cakephp/src/View/Helper/PaginatorHelper.php, line 594]
Trace:
Cake\Error\BaseErrorHandler::handleError() - CORE/src/Error/BaseErrorHandler.php, line 137
Cake\View\Helper\PaginatorHelper::counter() - CORE/src/View/Helper/PaginatorHelper.php, line 594
include - APP/Template/Tickets/index.ctp, line 47
Cake\View\View::_evaluate() - CORE/src/View/View.php, line 960
Cake\View\View::_render() - CORE/src/View/View.php, line 921
Cake\View\View::render() - CORE/src/View/View.php, line 575
Cake\Controller\Controller::render() - CORE/src/Controller/Controller.php, line 594
Cake\Routing\Dispatcher::_invoke() - CORE/src/Routing/Dispatcher.php, line 117
Cake\Routing\Dispatcher::dispatch() - CORE/src/Routing/Dispatcher.php, line 85
[main] - ROOT/webroot/index.php, line 37



2016-03-16 22:32:03 Notice: Notice (8): Undefined index: count in [/Applications/MAMP/htdocs/cs499/CS499/Code/vendor/cakephp/cakephp/src/View/Helper/PaginatorHelper.php, line 595]
Trace:
Cake\Error\BaseErrorHandler::handleError() - CORE/src/Error/BaseErrorHandler.php, line 137
Cake\View\Helper\PaginatorHelper::counter() - CORE/src/View/Helper/PaginatorHelper.php, line 595
include - APP/Template/Tickets/index.ctp, line 47
Cake\View\View::_evaluate() - CORE/src/View/View.php, line 960
Cake\View\View::_render() - CORE/src/View/View.php, line 921
Cake\View\View::render() - CORE/src/View/View.php, line 575
Cake\Controller\Controller::render() - CORE/src/Controller/Controller.php, line 594
Cake\Routing\Dispatcher::_invoke() - CORE/src/Routing/Dispatcher.php, line 117
Cake\Routing\Dispatcher::dispatch() - CORE/src/Routing/Dispatcher.php, line 85
[main] - ROOT/webroot/index.php, line 37



2016-03-16 22:32:05 Notice: Notice (8): Undefined variable: tickets in [/Applications/MAMP/htdocs/cs499/CS499/Code/src/Template/Tickets/index.ctp, line 23]
Trace:
Cake\Error\BaseErrorHandler::handleError() - CORE/src/Error/BaseErrorHandler.php, line 137
include - APP/Template/Tickets/index.ctp, line 23
Cake\View\View::_evaluate() - CORE/src/View/View.php, line 960
Cake\View\View::_render() - CORE/src/View/View.php, line 921
Cake\View\View::render() - CORE/src/View/View.php, line 575
Cake\Controller\Controller::render() - CORE/src/Controller/Controller.php, line 594
Cake\Routing\Dispatcher::_invoke() - CORE/src/Routing/Dispatcher.php, line 117
Cake\Routing\Dispatcher::dispatch() - CORE/src/Routing/Dispatcher.php, line 85
[main] - ROOT/webroot/index.php, line 37



2016-03-16 22:32:05 Notice: Notice (8): Undefined index: pageCount in [/Applications/MAMP/htdocs/cs499/CS499/Code/vendor/cakephp/cakephp/src/View/Helper/PaginatorHelper.php, line 650]
Trace:
Cake\Error\BaseErrorHandler::handleError() - CORE/src/Error/BaseErrorHandler.php, line 137
Cake\View\Helper\PaginatorHelper::numbers() - CORE/src/View/Helper/PaginatorHelper.php, line 650
include - APP/Template/Tickets/index.ctp, line 44
Cake\View\View::_evaluate() - CORE/src/View/View.php, line 960
Cake\View\View::_render() - CORE/src/View/View.php, line 921
Cake\View\View::render() - CORE/src/View/View.php, line 575
Cake\Controller\Controller::render() - CORE/src/Controller/Controller.php, line 594
Cake\Routing\Dispatcher::_invoke() - CORE/src/Routing/Dispatcher.php, line 117
Cake\Routing\Dispatcher::dispatch() - CORE/src/Routing/Dispatcher.php, line 85
[main] - ROOT/webroot/index.php, line 37



2016-03-16 22:32:05 Notice: Notice (8): Undefined index: pageCount in [/Applications/MAMP/htdocs/cs499/CS499/Code/vendor/cakephp/cakephp/src/View/Helper/PaginatorHelper.php, line 570]
Trace:
Cake\Error\BaseErrorHandler::handleError() - CORE/src/Error/BaseErrorHandler.php, line 137
Cake\View\Helper\PaginatorHelper::counter() - CORE/src/View/Helper/PaginatorHelper.php, line 570
include - APP/Template/Tickets/index.ctp, line 47
Cake\View\View::_evaluate() - CORE/src/View/View.php, line 960
Cake\View\View::_render() - CORE/src/View/View.php, line 921
Cake\View\View::render() - CORE/src/View/View.php, line 575
Cake\Controller\Controller::render() - CORE/src/Controller/Controller.php, line 594
Cake\Routing\Dispatcher::_invoke() - CORE/src/Routing/Dispatcher.php, line 117
Cake\Routing\Dispatcher::dispatch() - CORE/src/Routing/Dispatcher.php, line 85
[main] - ROOT/webroot/index.php, line 37



2016-03-16 22:32:05 Notice: Notice (8): Undefined index: count in [/Applications/MAMP/htdocs/cs499/CS499/Code/vendor/cakephp/cakephp/src/View/Helper/PaginatorHelper.php, line 574]
Trace:
Cake\Error\BaseErrorHandler::handleError() - CORE/src/Error/BaseErrorHandler.php, line 137
Cake\View\Helper\PaginatorHelper::counter() - CORE/src/View/Helper/PaginatorHelper.php, line 574
include - APP/Template/Tickets/index.ctp, line 47
Cake\View\View::_evaluate() - CORE/src/View/View.php, line 960
Cake\View\View::_render() - CORE/src/View/View.php, line 921
Cake\View\View::render() - CORE/src/View/View.php, line 575
Cake\Controller\Controller::render() - CORE/src/Controller/Controller.php, line 594
Cake\Routing\Dispatcher::_invoke() - CORE/src/Routing/Dispatcher.php, line 117
Cake\Routing\Dispatcher::dispatch() - CORE/src/Routing/Dispatcher.php, line 85
[main] - ROOT/webroot/index.php, line 37



2016-03-16 22:32:05 Notice: Notice (8): Undefined index: perPage in [/Applications/MAMP/htdocs/cs499/CS499/Code/vendor/cakephp/cakephp/src/View/Helper/PaginatorHelper.php, line 577]
Trace:
Cake\Error\BaseErrorHandler::handleError() - CORE/src/Error/BaseErrorHandler.php, line 137
Cake\View\Helper\PaginatorHelper::counter() - CORE/src/View/Helper/PaginatorHelper.php, line 577
include - APP/Template/Tickets/index.ctp, line 47
Cake\View\View::_evaluate() - CORE/src/View/View.php, line 960
Cake\View\View::_render() - CORE/src/View/View.php, line 921
Cake\View\View::render() - CORE/src/View/View.php, line 575
Cake\Controller\Controller::render() - CORE/src/Controller/Controller.php, line 594
Cake\Routing\Dispatcher::_invoke() - CORE/src/Routing/Dispatcher.php, line 117
Cake\Routing\Dispatcher::dispatch() - CORE/src/Routing/Dispatcher.php, line 85
[main] - ROOT/webroot/index.php, line 37



2016-03-16 22:32:05 Notice: Notice (8): Undefined index: count in [/Applications/MAMP/htdocs/cs499/CS499/Code/vendor/cakephp/cakephp/src/View/Helper/PaginatorHelper.php, line 578]
Trace:
Cake\Error\BaseErrorHandler::handleError() - CORE/src/Error/BaseErrorHandler.php, line 137
Cake\View\Helper\PaginatorHelper::counter() - CORE/src/View/Helper/PaginatorHelper.php, line 578
include - APP/Template/Tickets/index.ctp, line 47
Cake\View\View::_evaluate() - CORE/src/View/View.php, line 960
Cake\View\View::_render() - CORE/src/View/View.php, line 921
Cake\View\View::render() - CORE/src/View/View.php, line 575
Cake\Controller\Controller::render() - CORE/src/Controller/Controller.php, line 594
Cake\Routing\Dispatcher::_invoke() - CORE/src/Routing/Dispatcher.php, line 117
Cake\Routing\Dispatcher::dispatch() - CORE/src/Routing/Dispatcher.php, line 85
[main] - ROOT/webroot/index.php, line 37



2016-03-16 22:32:05 Notice: Notice (8): Undefined index: count in [/Applications/MAMP/htdocs/cs499/CS499/Code/vendor/cakephp/cakephp/src/View/Helper/PaginatorHelper.php, line 579]
Trace:
Cake\Error\BaseErrorHandler::handleError() - CORE/src/Error/BaseErrorHandler.php, line 137
Cake\View\Helper\PaginatorHelper::counter() - CORE/src/View/Helper/PaginatorHelper.php, line 579
include - APP/Template/Tickets/index.ctp, line 47
Cake\View\View::_evaluate() - CORE/src/View/View.php, line 960
Cake\View\View::_render() - CORE/src/View/View.php, line 921
Cake\View\View::render() - CORE/src/View/View.php, line 575
Cake\Controller\Controller::render() - CORE/src/Controller/Controller.php, line 594
Cake\Routing\Dispatcher::_invoke() - CORE/src/Routing/Dispatcher.php, line 117
Cake\Routing\Dispatcher::dispatch() - CORE/src/Routing/Dispatcher.php, line 85
[main] - ROOT/webroot/index.php, line 37



2016-03-16 22:32:05 Notice: Notice (8): Undefined index: page in [/Applications/MAMP/htdocs/cs499/CS499/Code/vendor/cakephp/cakephp/src/View/Helper/PaginatorHelper.php, line 592]
Trace:
Cake\Error\BaseErrorHandler::handleError() - CORE/src/Error/BaseErrorHandler.php, line 137
Cake\View\Helper\PaginatorHelper::counter() - CORE/src/View/Helper/PaginatorHelper.php, line 592
include - APP/Template/Tickets/index.ctp, line 47
Cake\View\View::_evaluate() - CORE/src/View/View.php, line 960
Cake\View\View::_render() - CORE/src/View/View.php, line 921
Cake\View\View::render() - CORE/src/View/View.php, line 575
Cake\Controller\Controller::render() - CORE/src/Controller/Controller.php, line 594
Cake\Routing\Dispatcher::_invoke() - CORE/src/Routing/Dispatcher.php, line 117
Cake\Routing\Dispatcher::dispatch() - CORE/src/Routing/Dispatcher.php, line 85
[main] - ROOT/webroot/index.php, line 37



2016-03-16 22:32:05 Notice: Notice (8): Undefined index: current in [/Applications/MAMP/htdocs/cs499/CS499/Code/vendor/cakephp/cakephp/src/View/Helper/PaginatorHelper.php, line 594]
Trace:
Cake\Error\BaseErrorHandler::handleError() - CORE/src/Error/BaseErrorHandler.php, line 137
Cake\View\Helper\PaginatorHelper::counter() - CORE/src/View/Helper/PaginatorHelper.php, line 594
include - APP/Template/Tickets/index.ctp, line 47
Cake\View\View::_evaluate() - CORE/src/View/View.php, line 960
Cake\View\View::_render() - CORE/src/View/View.php, line 921
Cake\View\View::render() - CORE/src/View/View.php, line 575
Cake\Controller\Controller::render() - CORE/src/Controller/Controller.php, line 594
Cake\Routing\Dispatcher::_invoke() - CORE/src/Routing/Dispatcher.php, line 117
Cake\Routing\Dispatcher::dispatch() - CORE/src/Routing/Dispatcher.php, line 85
[main] - ROOT/webroot/index.php, line 37



2016-03-16 22:32:05 Notice: Notice (8): Undefined index: count in [/Applications/MAMP/htdocs/cs499/CS499/Code/vendor/cakephp/cakephp/src/View/Helper/PaginatorHelper.php, line 595]
Trace:
Cake\Error\BaseErrorHandler::handleError() - CORE/src/Error/BaseErrorHandler.php, line 137
Cake\View\Helper\PaginatorHelper::counter() - CORE/src/View/Helper/PaginatorHelper.php, line 595
include - APP/Template/Tickets/index.ctp, line 47
Cake\View\View::_evaluate() - CORE/src/View/View.php, line 960
Cake\View\View::_render() - CORE/src/View/View.php, line 921
Cake\View\View::render() - CORE/src/View/View.php, line 575
Cake\Controller\Controller::render() - CORE/src/Controller/Controller.php, line 594
Cake\Routing\Dispatcher::_invoke() - CORE/src/Routing/Dispatcher.php, line 117
Cake\Routing\Dispatcher::dispatch() - CORE/src/Routing/Dispatcher.php, line 85
[main] - ROOT/webroot/index.php, line 37



2016-03-16 22:32:53 Notice: Notice (8): Undefined variable: tickets in [/Applications/MAMP/htdocs/cs499/CS499/Code/src/Template/Tickets/index.ctp, line 23]
Trace:
Cake\Error\BaseErrorHandler::handleError() - CORE/src/Error/BaseErrorHandler.php, line 137
include - APP/Template/Tickets/index.ctp, line 23
Cake\View\View::_evaluate() - CORE/src/View/View.php, line 960
Cake\View\View::_render() - CORE/src/View/View.php, line 921
Cake\View\View::render() - CORE/src/View/View.php, line 575
Cake\Controller\Controller::render() - CORE/src/Controller/Controller.php, line 594
Cake\Routing\Dispatcher::_invoke() - CORE/src/Routing/Dispatcher.php, line 117
Cake\Routing\Dispatcher::dispatch() - CORE/src/Routing/Dispatcher.php, line 85
[main] - ROOT/webroot/index.php, line 37



2016-03-16 22:32:53 Notice: Notice (8): Undefined index: pageCount in [/Applications/MAMP/htdocs/cs499/CS499/Code/vendor/cakephp/cakephp/src/View/Helper/PaginatorHelper.php, line 650]
Trace:
Cake\Error\BaseErrorHandler::handleError() - CORE/src/Error/BaseErrorHandler.php, line 137
Cake\View\Helper\PaginatorHelper::numbers() - CORE/src/View/Helper/PaginatorHelper.php, line 650
include - APP/Template/Tickets/index.ctp, line 44
Cake\View\View::_evaluate() - CORE/src/View/View.php, line 960
Cake\View\View::_render() - CORE/src/View/View.php, line 921
Cake\View\View::render() - CORE/src/View/View.php, line 575
Cake\Controller\Controller::render() - CORE/src/Controller/Controller.php, line 594
Cake\Routing\Dispatcher::_invoke() - CORE/src/Routing/Dispatcher.php, line 117
Cake\Routing\Dispatcher::dispatch() - CORE/src/Routing/Dispatcher.php, line 85
[main] - ROOT/webroot/index.php, line 37



2016-03-16 22:32:53 Notice: Notice (8): Undefined index: pageCount in [/Applications/MAMP/htdocs/cs499/CS499/Code/vendor/cakephp/cakephp/src/View/Helper/PaginatorHelper.php, line 570]
Trace:
Cake\Error\BaseErrorHandler::handleError() - CORE/src/Error/BaseErrorHandler.php, line 137
Cake\View\Helper\PaginatorHelper::counter() - CORE/src/View/Helper/PaginatorHelper.php, line 570
include - APP/Template/Tickets/index.ctp, line 47
Cake\View\View::_evaluate() - CORE/src/View/View.php, line 960
Cake\View\View::_render() - CORE/src/View/View.php, line 921
Cake\View\View::render() - CORE/src/View/View.php, line 575
Cake\Controller\Controller::render() - CORE/src/Controller/Controller.php, line 594
Cake\Routing\Dispatcher::_invoke() - CORE/src/Routing/Dispatcher.php, line 117
Cake\Routing\Dispatcher::dispatch() - CORE/src/Routing/Dispatcher.php, line 85
[main] - ROOT/webroot/index.php, line 37



2016-03-16 22:32:53 Notice: Notice (8): Undefined index: count in [/Applications/MAMP/htdocs/cs499/CS499/Code/vendor/cakephp/cakephp/src/View/Helper/PaginatorHelper.php, line 574]
Trace:
Cake\Error\BaseErrorHandler::handleError() - CORE/src/Error/BaseErrorHandler.php, line 137
Cake\View\Helper\PaginatorHelper::counter() - CORE/src/View/Helper/PaginatorHelper.php, line 574
include - APP/Template/Tickets/index.ctp, line 47
Cake\View\View::_evaluate() - CORE/src/View/View.php, line 960
Cake\View\View::_render() - CORE/src/View/View.php, line 921
Cake\View\View::render() - CORE/src/View/View.php, line 575
Cake\Controller\Controller::render() - CORE/src/Controller/Controller.php, line 594
Cake\Routing\Dispatcher::_invoke() - CORE/src/Routing/Dispatcher.php, line 117
Cake\Routing\Dispatcher::dispatch() - CORE/src/Routing/Dispatcher.php, line 85
[main] - ROOT/webroot/index.php, line 37



2016-03-16 22:32:53 Notice: Notice (8): Undefined index: perPage in [/Applications/MAMP/htdocs/cs499/CS499/Code/vendor/cakephp/cakephp/src/View/Helper/PaginatorHelper.php, line 577]
Trace:
Cake\Error\BaseErrorHandler::handleError() - CORE/src/Error/BaseErrorHandler.php, line 137
Cake\View\Helper\PaginatorHelper::counter() - CORE/src/View/Helper/PaginatorHelper.php, line 577
include - APP/Template/Tickets/index.ctp, line 47
Cake\View\View::_evaluate() - CORE/src/View/View.php, line 960
Cake\View\View::_render() - CORE/src/View/View.php, line 921
Cake\View\View::render() - CORE/src/View/View.php, line 575
Cake\Controller\Controller::render() - CORE/src/Controller/Controller.php, line 594
Cake\Routing\Dispatcher::_invoke() - CORE/src/Routing/Dispatcher.php, line 117
Cake\Routing\Dispatcher::dispatch() - CORE/src/Routing/Dispatcher.php, line 85
[main] - ROOT/webroot/index.php, line 37



2016-03-16 22:32:53 Notice: Notice (8): Undefined index: count in [/Applications/MAMP/htdocs/cs499/CS499/Code/vendor/cakephp/cakephp/src/View/Helper/PaginatorHelper.php, line 578]
Trace:
Cake\Error\BaseErrorHandler::handleError() - CORE/src/Error/BaseErrorHandler.php, line 137
Cake\View\Helper\PaginatorHelper::counter() - CORE/src/View/Helper/PaginatorHelper.php, line 578
include - APP/Template/Tickets/index.ctp, line 47
Cake\View\View::_evaluate() - CORE/src/View/View.php, line 960
Cake\View\View::_render() - CORE/src/View/View.php, line 921
Cake\View\View::render() - CORE/src/View/View.php, line 575
Cake\Controller\Controller::render() - CORE/src/Controller/Controller.php, line 594
Cake\Routing\Dispatcher::_invoke() - CORE/src/Routing/Dispatcher.php, line 117
Cake\Routing\Dispatcher::dispatch() - CORE/src/Routing/Dispatcher.php, line 85
[main] - ROOT/webroot/index.php, line 37



2016-03-16 22:32:53 Notice: Notice (8): Undefined index: count in [/Applications/MAMP/htdocs/cs499/CS499/Code/vendor/cakephp/cakephp/src/View/Helper/PaginatorHelper.php, line 579]
Trace:
Cake\Error\BaseErrorHandler::handleError() - CORE/src/Error/BaseErrorHandler.php, line 137
Cake\View\Helper\PaginatorHelper::counter() - CORE/src/View/Helper/PaginatorHelper.php, line 579
include - APP/Template/Tickets/index.ctp, line 47
Cake\View\View::_evaluate() - CORE/src/View/View.php, line 960
Cake\View\View::_render() - CORE/src/View/View.php, line 921
Cake\View\View::render() - CORE/src/View/View.php, line 575
Cake\Controller\Controller::render() - CORE/src/Controller/Controller.php, line 594
Cake\Routing\Dispatcher::_invoke() - CORE/src/Routing/Dispatcher.php, line 117
Cake\Routing\Dispatcher::dispatch() - CORE/src/Routing/Dispatcher.php, line 85
[main] - ROOT/webroot/index.php, line 37



2016-03-16 22:32:53 Notice: Notice (8): Undefined index: page in [/Applications/MAMP/htdocs/cs499/CS499/Code/vendor/cakephp/cakephp/src/View/Helper/PaginatorHelper.php, line 592]
Trace:
Cake\Error\BaseErrorHandler::handleError() - CORE/src/Error/BaseErrorHandler.php, line 137
Cake\View\Helper\PaginatorHelper::counter() - CORE/src/View/Helper/PaginatorHelper.php, line 592
include - APP/Template/Tickets/index.ctp, line 47
Cake\View\View::_evaluate() - CORE/src/View/View.php, line 960
Cake\View\View::_render() - CORE/src/View/View.php, line 921
Cake\View\View::render() - CORE/src/View/View.php, line 575
Cake\Controller\Controller::render() - CORE/src/Controller/Controller.php, line 594
Cake\Routing\Dispatcher::_invoke() - CORE/src/Routing/Dispatcher.php, line 117
Cake\Routing\Dispatcher::dispatch() - CORE/src/Routing/Dispatcher.php, line 85
[main] - ROOT/webroot/index.php, line 37



2016-03-16 22:32:53 Notice: Notice (8): Undefined index: current in [/Applications/MAMP/htdocs/cs499/CS499/Code/vendor/cakephp/cakephp/src/View/Helper/PaginatorHelper.php, line 594]
Trace:
Cake\Error\BaseErrorHandler::handleError() - CORE/src/Error/BaseErrorHandler.php, line 137
Cake\View\Helper\PaginatorHelper::counter() - CORE/src/View/Helper/PaginatorHelper.php, line 594
include - APP/Template/Tickets/index.ctp, line 47
Cake\View\View::_evaluate() - CORE/src/View/View.php, line 960
Cake\View\View::_render() - CORE/src/View/View.php, line 921
Cake\View\View::render() - CORE/src/View/View.php, line 575
Cake\Controller\Controller::render() - CORE/src/Controller/Controller.php, line 594
Cake\Routing\Dispatcher::_invoke() - CORE/src/Routing/Dispatcher.php, line 117
Cake\Routing\Dispatcher::dispatch() - CORE/src/Routing/Dispatcher.php, line 85
[main] - ROOT/webroot/index.php, line 37



2016-03-16 22:32:53 Notice: Notice (8): Undefined index: count in [/Applications/MAMP/htdocs/cs499/CS499/Code/vendor/cakephp/cakephp/src/View/Helper/PaginatorHelper.php, line 595]
Trace:
Cake\Error\BaseErrorHandler::handleError() - CORE/src/Error/BaseErrorHandler.php, line 137
Cake\View\Helper\PaginatorHelper::counter() - CORE/src/View/Helper/PaginatorHelper.php, line 595
include - APP/Template/Tickets/index.ctp, line 47
Cake\View\View::_evaluate() - CORE/src/View/View.php, line 960
Cake\View\View::_render() - CORE/src/View/View.php, line 921
Cake\View\View::render() - CORE/src/View/View.php, line 575
Cake\Controller\Controller::render() - CORE/src/Controller/Controller.php, line 594
Cake\Routing\Dispatcher::_invoke() - CORE/src/Routing/Dispatcher.php, line 117
Cake\Routing\Dispatcher::dispatch() - CORE/src/Routing/Dispatcher.php, line 85
[main] - ROOT/webroot/index.php, line 37



2016-03-17 23:55:53 Notice: Notice (8): Undefined offset: 4 in [/Applications/MAMP/htdocs/cs499/CS499/Code/src/Template/Performances/index.ctp, line 42]
Trace:
Cake\Error\BaseErrorHandler::handleError() - CORE/src/Error/BaseErrorHandler.php, line 137
include - APP/Template/Performances/index.ctp, line 42
Cake\View\View::_evaluate() - CORE/src/View/View.php, line 960
Cake\View\View::_render() - CORE/src/View/View.php, line 921
Cake\View\View::render() - CORE/src/View/View.php, line 575
Cake\Controller\Controller::render() - CORE/src/Controller/Controller.php, line 594
Cake\Routing\Dispatcher::_invoke() - CORE/src/Routing/Dispatcher.php, line 117
Cake\Routing\Dispatcher::dispatch() - CORE/src/Routing/Dispatcher.php, line 85
[main] - ROOT/webroot/index.php, line 37



2016-03-17 23:55:53 Notice: Notice (8): Undefined offset: 4 in [/Applications/MAMP/htdocs/cs499/CS499/Code/src/Template/Performances/index.ctp, line 42]
Trace:
Cake\Error\BaseErrorHandler::handleError() - CORE/src/Error/BaseErrorHandler.php, line 137
include - APP/Template/Performances/index.ctp, line 42
Cake\View\View::_evaluate() - CORE/src/View/View.php, line 960
Cake\View\View::_render() - CORE/src/View/View.php, line 921
Cake\View\View::render() - CORE/src/View/View.php, line 575
Cake\Controller\Controller::render() - CORE/src/Controller/Controller.php, line 594
Cake\Routing\Dispatcher::_invoke() - CORE/src/Routing/Dispatcher.php, line 117
Cake\Routing\Dispatcher::dispatch() - CORE/src/Routing/Dispatcher.php, line 85
[main] - ROOT/webroot/index.php, line 37



2016-03-17 23:55:53 Notice: Notice (8): Undefined offset: 4 in [/Applications/MAMP/htdocs/cs499/CS499/Code/src/Template/Performances/index.ctp, line 42]
Trace:
Cake\Error\BaseErrorHandler::handleError() - CORE/src/Error/BaseErrorHandler.php, line 137
include - APP/Template/Performances/index.ctp, line 42
Cake\View\View::_evaluate() - CORE/src/View/View.php, line 960
Cake\View\View::_render() - CORE/src/View/View.php, line 921
Cake\View\View::render() - CORE/src/View/View.php, line 575
Cake\Controller\Controller::render() - CORE/src/Controller/Controller.php, line 594
Cake\Routing\Dispatcher::_invoke() - CORE/src/Routing/Dispatcher.php, line 117
Cake\Routing\Dispatcher::dispatch() - CORE/src/Routing/Dispatcher.php, line 85
[main] - ROOT/webroot/index.php, line 37



2016-03-17 23:55:53 Notice: Notice (8): Undefined offset: 4 in [/Applications/MAMP/htdocs/cs499/CS499/Code/src/Template/Performances/index.ctp, line 42]
Trace:
Cake\Error\BaseErrorHandler::handleError() - CORE/src/Error/BaseErrorHandler.php, line 137
include - APP/Template/Performances/index.ctp, line 42
Cake\View\View::_evaluate() - CORE/src/View/View.php, line 960
Cake\View\View::_render() - CORE/src/View/View.php, line 921
Cake\View\View::render() - CORE/src/View/View.php, line 575
Cake\Controller\Controller::render() - CORE/src/Controller/Controller.php, line 594
Cake\Routing\Dispatcher::_invoke() - CORE/src/Routing/Dispatcher.php, line 117
Cake\Routing\Dispatcher::dispatch() - CORE/src/Routing/Dispatcher.php, line 85
[main] - ROOT/webroot/index.php, line 37



2016-03-18 14:03:40 Notice: Notice (8): Undefined offset: 2 in [/Applications/MAMP/htdocs/cs499/CS499/Code/src/Template/Performances/view.ctp, line 61]
Trace:
Cake\Error\BaseErrorHandler::handleError() - CORE/src/Error/BaseErrorHandler.php, line 137
include - APP/Template/Performances/view.ctp, line 61
Cake\View\View::_evaluate() - CORE/src/View/View.php, line 960
Cake\View\View::_render() - CORE/src/View/View.php, line 921
Cake\View\View::render() - CORE/src/View/View.php, line 575
Cake\Controller\Controller::render() - CORE/src/Controller/Controller.php, line 594
Cake\Routing\Dispatcher::_invoke() - CORE/src/Routing/Dispatcher.php, line 117
Cake\Routing\Dispatcher::dispatch() - CORE/src/Routing/Dispatcher.php, line 85
[main] - ROOT/webroot/index.php, line 37



2016-03-18 19:33:18 Notice: Notice (8): Undefined offset: 3 in [/Applications/MAMP/htdocs/cs499/CS499/Code/src/Controller/PerformancesController.php, line 76]
Trace:
Cake\Error\BaseErrorHandler::handleError() - CORE/src/Error/BaseErrorHandler.php, line 137
App\Controller\PerformancesController::view() - APP/Controller/PerformancesController.php, line 76
Cake\Controller\Controller::invokeAction() - CORE/src/Controller/Controller.php, line 420
Cake\Routing\Dispatcher::_invoke() - CORE/src/Routing/Dispatcher.php, line 111
Cake\Routing\Dispatcher::dispatch() - CORE/src/Routing/Dispatcher.php, line 85
[main] - ROOT/webroot/index.php, line 37



2016-03-18 19:33:18 Notice: Notice (8): Undefined offset: 3 in [/Applications/MAMP/htdocs/cs499/CS499/Code/src/Controller/PerformancesController.php, line 76]
Trace:
Cake\Error\BaseErrorHandler::handleError() - CORE/src/Error/BaseErrorHandler.php, line 137
App\Controller\PerformancesController::view() - APP/Controller/PerformancesController.php, line 76
Cake\Controller\Controller::invokeAction() - CORE/src/Controller/Controller.php, line 420
Cake\Routing\Dispatcher::_invoke() - CORE/src/Routing/Dispatcher.php, line 111
Cake\Routing\Dispatcher::dispatch() - CORE/src/Routing/Dispatcher.php, line 85
[main] - ROOT/webroot/index.php, line 37



2016-03-18 19:33:18 Notice: Notice (8): Undefined offset: 3 in [/Applications/MAMP/htdocs/cs499/CS499/Code/src/Controller/PerformancesController.php, line 76]
Trace:
Cake\Error\BaseErrorHandler::handleError() - CORE/src/Error/BaseErrorHandler.php, line 137
App\Controller\PerformancesController::view() - APP/Controller/PerformancesController.php, line 76
Cake\Controller\Controller::invokeAction() - CORE/src/Controller/Controller.php, line 420
Cake\Routing\Dispatcher::_invoke() - CORE/src/Routing/Dispatcher.php, line 111
Cake\Routing\Dispatcher::dispatch() - CORE/src/Routing/Dispatcher.php, line 85
[main] - ROOT/webroot/index.php, line 37



2016-03-18 19:33:18 Notice: Notice (8): Undefined offset: 3 in [/Applications/MAMP/htdocs/cs499/CS499/Code/src/Controller/PerformancesController.php, line 76]
Trace:
Cake\Error\BaseErrorHandler::handleError() - CORE/src/Error/BaseErrorHandler.php, line 137
App\Controller\PerformancesController::view() - APP/Controller/PerformancesController.php, line 76
Cake\Controller\Controller::invokeAction() - CORE/src/Controller/Controller.php, line 420
Cake\Routing\Dispatcher::_invoke() - CORE/src/Routing/Dispatcher.php, line 111
Cake\Routing\Dispatcher::dispatch() - CORE/src/Routing/Dispatcher.php, line 85
[main] - ROOT/webroot/index.php, line 37



2016-03-18 19:33:18 Notice: Notice (8): Undefined offset: 3 in [/Applications/MAMP/htdocs/cs499/CS499/Code/src/Controller/PerformancesController.php, line 76]
Trace:
Cake\Error\BaseErrorHandler::handleError() - CORE/src/Error/BaseErrorHandler.php, line 137
App\Controller\PerformancesController::view() - APP/Controller/PerformancesController.php, line 76
Cake\Controller\Controller::invokeAction() - CORE/src/Controller/Controller.php, line 420
Cake\Routing\Dispatcher::_invoke() - CORE/src/Routing/Dispatcher.php, line 111
Cake\Routing\Dispatcher::dispatch() - CORE/src/Routing/Dispatcher.php, line 85
[main] - ROOT/webroot/index.php, line 37



2016-03-18 19:33:18 Notice: Notice (8): Undefined offset: 3 in [/Applications/MAMP/htdocs/cs499/CS499/Code/src/Controller/PerformancesController.php, line 76]
Trace:
Cake\Error\BaseErrorHandler::handleError() - CORE/src/Error/BaseErrorHandler.php, line 137
App\Controller\PerformancesController::view() - APP/Controller/PerformancesController.php, line 76
Cake\Controller\Controller::invokeAction() - CORE/src/Controller/Controller.php, line 420
Cake\Routing\Dispatcher::_invoke() - CORE/src/Routing/Dispatcher.php, line 111
Cake\Routing\Dispatcher::dispatch() - CORE/src/Routing/Dispatcher.php, line 85
[main] - ROOT/webroot/index.php, line 37



2016-03-18 19:33:18 Notice: Notice (8): Undefined offset: 3 in [/Applications/MAMP/htdocs/cs499/CS499/Code/src/Controller/PerformancesController.php, line 76]
Trace:
Cake\Error\BaseErrorHandler::handleError() - CORE/src/Error/BaseErrorHandler.php, line 137
App\Controller\PerformancesController::view() - APP/Controller/PerformancesController.php, line 76
Cake\Controller\Controller::invokeAction() - CORE/src/Controller/Controller.php, line 420
Cake\Routing\Dispatcher::_invoke() - CORE/src/Routing/Dispatcher.php, line 111
Cake\Routing\Dispatcher::dispatch() - CORE/src/Routing/Dispatcher.php, line 85
[main] - ROOT/webroot/index.php, line 37



