2016-01-16 02:43:52 Error: [Cake\Routing\Exception\MissingControllerException] Controller class Src could not be found.
Exception Attributes: array (
  'class' => 'Src',
  'plugin' => NULL,
  'prefix' => NULL,
  '_ext' => NULL,
)
Request URL: /cs499/CS499/Code/src/
Stack Trace:
#0 /Applications/MAMP/htdocs/cs499/CS499/Code/webroot/index.php(37): Cake\Routing\Dispatcher->dispatch(Object(Cake\Network\Request), Object(Cake\Network\Response))
#1 {main}


2016-01-16 02:44:21 Error: [Cake\Routing\Exception\MissingControllerException] Controller class Src could not be found.
Exception Attributes: array (
  'class' => 'Src',
  'plugin' => NULL,
  'prefix' => NULL,
  '_ext' => NULL,
)
Request URL: /cs499/CS499/Code/src/
Stack Trace:
#0 /Applications/MAMP/htdocs/cs499/CS499/Code/webroot/index.php(37): Cake\Routing\Dispatcher->dispatch(Object(Cake\Network\Request), Object(Cake\Network\Response))
#1 {main}


2016-02-02 22:48:52 Error: [Cake\View\Exception\MissingTemplateException] Template file "Home/index.ctp" is missing.
Exception Attributes: array (
  'file' => 'Home/index.ctp',
)
Request URL: /cs499/CS499/code/
Stack Trace:
#0 /Applications/MAMP/htdocs/cs499/CS499/code/vendor/cakephp/cakephp/src/View/View.php(572): Cake\View\View->_getViewFileName(NULL)
#1 /Applications/MAMP/htdocs/cs499/CS499/code/vendor/cakephp/cakephp/src/Controller/Controller.php(594): Cake\View\View->render(NULL, NULL)
#2 /Applications/MAMP/htdocs/cs499/CS499/code/vendor/cakephp/cakephp/src/Routing/Dispatcher.php(117): Cake\Controller\Controller->render()
#3 /Applications/MAMP/htdocs/cs499/CS499/code/vendor/cakephp/cakephp/src/Routing/Dispatcher.php(85): Cake\Routing\Dispatcher->_invoke(Object(App\Controller\HomeController))
#4 /Applications/MAMP/htdocs/cs499/CS499/code/webroot/index.php(37): Cake\Routing\Dispatcher->dispatch(Object(Cake\Network\Request), Object(Cake\Network\Response))
#5 {main}


2016-02-02 22:48:59 Error: [Cake\View\Exception\MissingTemplateException] Template file "Home/index.ctp" is missing.
Exception Attributes: array (
  'file' => 'Home/index.ctp',
)
Request URL: /cs499/CS499/code/
Stack Trace:
#0 /Applications/MAMP/htdocs/cs499/CS499/code/vendor/cakephp/cakephp/src/View/View.php(572): Cake\View\View->_getViewFileName(NULL)
#1 /Applications/MAMP/htdocs/cs499/CS499/code/vendor/cakephp/cakephp/src/Controller/Controller.php(594): Cake\View\View->render(NULL, NULL)
#2 /Applications/MAMP/htdocs/cs499/CS499/code/vendor/cakephp/cakephp/src/Routing/Dispatcher.php(117): Cake\Controller\Controller->render()
#3 /Applications/MAMP/htdocs/cs499/CS499/code/vendor/cakephp/cakephp/src/Routing/Dispatcher.php(85): Cake\Routing\Dispatcher->_invoke(Object(App\Controller\HomeController))
#4 /Applications/MAMP/htdocs/cs499/CS499/code/webroot/index.php(37): Cake\Routing\Dispatcher->dispatch(Object(Cake\Network\Request), Object(Cake\Network\Response))
#5 {main}


2016-02-03 00:29:33 Error: [Cake\Routing\Exception\MissingControllerException] Controller class Css could not be found.
Exception Attributes: array (
  'class' => 'Css',
  'plugin' => NULL,
  'prefix' => NULL,
  '_ext' => NULL,
)
Request URL: /cs499/CS499/code/css/img/logo.png
Stack Trace:
#0 /Applications/MAMP/htdocs/cs499/CS499/code/webroot/index.php(37): Cake\Routing\Dispatcher->dispatch(Object(Cake\Network\Request), Object(Cake\Network\Response))
#1 {main}


2016-02-03 00:30:19 Error: [Cake\Routing\Exception\MissingControllerException] Controller class Img could not be found.
Exception Attributes: array (
  'class' => 'Img',
  'plugin' => NULL,
  'prefix' => NULL,
  '_ext' => NULL,
)
Request URL: /cs499/CS499/code/img/logo.png
Stack Trace:
#0 /Applications/MAMP/htdocs/cs499/CS499/code/webroot/index.php(37): Cake\Routing\Dispatcher->dispatch(Object(Cake\Network\Request), Object(Cake\Network\Response))
#1 {main}


2016-02-03 00:30:45 Error: [Cake\Routing\Exception\MissingControllerException] Controller class Css could not be found.
Exception Attributes: array (
  'class' => 'Css',
  'plugin' => NULL,
  'prefix' => NULL,
  '_ext' => NULL,
)
Request URL: /cs499/CS499/code/css/img/logo.png
Stack Trace:
#0 /Applications/MAMP/htdocs/cs499/CS499/code/webroot/index.php(37): Cake\Routing\Dispatcher->dispatch(Object(Cake\Network\Request), Object(Cake\Network\Response))
#1 {main}


2016-02-03 02:06:14 Warning: Warning (2): Invalid argument supplied for foreach() in [/Applications/MAMP/htdocs/cs499/CS499/Code/src/Template/Layout/basic.ctp, line 16]
Trace:
Cake\Error\BaseErrorHandler::handleError() - CORE/src/Error/BaseErrorHandler.php, line 137
include - APP/Template/Layout/basic.ctp, line 16
Cake\View\View::_evaluate() - CORE/src/View/View.php, line 960
Cake\View\View::_render() - CORE/src/View/View.php, line 921
Cake\View\View::renderLayout() - CORE/src/View/View.php, line 620
Cake\View\View::render() - CORE/src/View/View.php, line 580
Cake\Controller\Controller::render() - CORE/src/Controller/Controller.php, line 594
Cake\Routing\Dispatcher::_invoke() - CORE/src/Routing/Dispatcher.php, line 117
Cake\Routing\Dispatcher::dispatch() - CORE/src/Routing/Dispatcher.php, line 85
[main] - ROOT/webroot/index.php, line 37



